
ROM used: 2835 (35%)
          3045 (37%) including unused fragments

          2 Average locations per line
          8 Average locations per statement

RAM used: 91 (25%) at main() level
          199 (55%) worst case

Lines Stmts  %   Files
----- ----- ---  -----
  140   111  31  C:\Dossier MAT Electronique\Programmes PIC applications MAT\Panneau solaire\source modules pic (version 2)\carte analyseur\MAIN.C
  267     0   0  C:\Program Files\PICC\devices\16F876a.h
  707   244  52  C:\Dossier MAT Electronique\Programmes PIC applications MAT\Panneau solaire\source modules pic (version 2)\carte analyseur\can.c
  402     0   0  C:\Dossier MAT Electronique\Programmes PIC applications MAT\Panneau solaire\source modules pic (version 2)\carte analyseur\can.h
----- -----
 3032   710 Total

Page ROM  %  RAM  Functions:
---- --- --- ---  ----------
0     15   1   1  @delay_ms1
0     67   2   3  can_set_mode
0    199   7  17  can_set_id
0     91   3   5  mcp2510_read
0     56   2   6  mcp2510_write
0      7   0   0  isr_timer2
0    648  23   3  RDA_isr
0     28   1   0  main
1    997  35   4  can_test
0    103   4   9  @PRINTF_LU_9600_62_63
0     17   1   0  @const10353
0     43   2   2  @PRINTF_X_9600_62_63
0     23   1   3  @DIV88
0     71   3   2  @PRINTF_U_9600_62_63
0     44   2  13  @MUL3232
0    348  12   0  init
0     16   1   3  purge_srxbuf

 Segment   Used  Free
---------  ----  ----
00000-00003     4  0
00004-0003D    58  0
0003E-007FF  1776  210
00800-00FFF   997  1051
01000-017FF     0  2048
01800-01FFF     0  2048

