[Windows 95 Params] 
	WndTitle   = "Installation de Microsoft PowerPoint Viewer 97"
	WndMess    = Démarrage de l'installation de Microsoft PowerPoint Viewer 97. Veuillez patienter...
	TmpDirSize  = 1200
	TmpDirName  = ~msstfqf.t
	CmdLine     = acmsetup /T ppview.stf /S %s %s
	DrvWinClass = Stuff-Shell
	Require31   = Cette application nécessite une version de Windows plus récente.
	CabinetFile = 

[Windows 95 Files]
	setup\acmsetup.exe = acmsetup.exe
	setup\acmsetup.hlp = acmsetup.hlp
	setup\mssetup.dll  = mssetup.dll
	setup\ppview.dll  = ppview.dll
	setup\ppview.stf  = ppview.stf
	setup\ppview.inf = ppview.inf
	

[NT Intel Params]
	WndTitle   = "Installation de Microsoft PowerPoint Viewer 97"
	WndMess    = Démarrage de l'installation de Microsoft PowerPoint Viewer 97. Veuillez patienter...
	TmpDirSize  = 1200
	TmpDirName  = ~msstfqf.t
	CmdLine     = acmsetup /T ppview.stf /S %s %s
	DrvWinClass = Stuff-Shell
	Require31   = Cette application nécessite une version de Windows plus récente.
	CabinetFile = 

[NT Intel Files]
	setup\acmsetup.exe = acmsetup.exe
	setup\acmsetup.hlp = acmsetup.hlp
	setup\mssetup.dll  = mssetup.dll
	setup\ppview.dll  = ppview.dll
	setup\ppview.stf  = ppview.stf
	setup\ppview.inf = ppview.inf
	
