[Bootstrap]
SetupTitle=Installation
SetupText=Copie des fichiers, veuillez patienter.
CabFile=panneau.CAB
Spawn=Setup1.exe
Uninstal=st6unst.exe
TmpDir=msftqws.pdw
Cabs=1

[Bootstrap Files]
File1=@VB6STKIT.DLL,$(WinSysPathSysFile),,,7/13/98 1:00:00 AM,102912,6.0.81.69
File2=@COMCAT.DLL,$(WinSysPathSysFile),$(DLLSelfRegister),,6/1/98 1:00:00 AM,22288,4.71.1460.1
File3=@MSVCRT40.DLL,$(WinSysPathSysFile),,,6/1/98 1:00:00 AM,326656,4.21.0.0
File4=@olepro32.dll,$(WinSysPathSysFile),$(DLLSelfRegister),,8/24/01 2:00:00 PM,106496,5.0.5014.0
File5=@VB6FR.DLL,$(WinSysPath),,$(Shared),7/13/98 1:00:00 AM,119568,5.0.81.69
File6=@stdole2.tlb,$(WinSysPathSysFile),$(TLBRegister),,8/24/01 2:00:00 PM,17920,3.50.5014.0
File7=@asycfilt.dll,$(WinSysPathSysFile),,,8/24/01 2:00:00 PM,77824,3.50.5014.0
File8=@oleaut32.dll,$(WinSysPathSysFile),$(DLLSelfRegister),,8/29/02 12:44:56 PM,569344,3.50.5016.0
File9=@msvbvm60.dll,$(WinSysPathSysFile),$(DLLSelfRegister),,2/27/05 12:11:11 PM,1385744,6.0.96.90

[IconGroups]
Group0=panneau solaire
PrivateGroup0=Faux
Parent0=$(Programs)

[panneau solaire]
Icon1="panneau.exe"
Title1=gestion panneau solaire
StartIn1=$(AppPath)

[Setup]
Title=gestion panneau solaire
DefaultDir=$(ProgramFiles)\panneau
AppExe=panneau.exe
AppToUninstall=panneau.exe

[Setup1 Files]
File1=@CMDLGFR.DLL,$(WinSysPath),,$(Shared),7/13/98 1:00:00 AM,32768,6.0.81.63
File2=@comdlg32.ocx,$(WinSysPath),$(DLLSelfRegister),$(Shared),5/7/99 2:24:22 PM,140288,6.0.84.18
File3=@VB5DB.DLL,$(WinSysPath),,$(Shared),6/18/98 1:00:00 AM,89360,6.0.81.69
File4=@MSREPL35.DLL,$(WinSysPathSysFile),,,4/25/98 1:00:00 AM,407312,3.51.623.0
File5=@MSRD2X35.DLL,$(WinSysPathSysFile),$(DLLSelfRegister),,4/25/98 1:00:00 AM,252176,3.51.623.0
File6=@expsrv.dll,$(WinSysPathSysFile),,,8/29/02 1:44:52 PM,380445,6.0.72.9414
File7=@vbajet32.dll,$(WinSysPathSysFile),,,8/24/01 3:00:00 PM,30992,6.0.1.8268
File8=@MSJINT35.DLL,$(WinSysPathSysFile),,,7/7/98 1:00:00 AM,149776,3.51.623.0
File9=@MSJTER35.DLL,$(WinSysPathSysFile),,,4/25/98 1:00:00 AM,24848,3.51.623.0
File10=@MSJET35.DLL,$(WinSysPathSysFile),$(DLLSelfRegister),,4/24/98 1:00:00 AM,1045776,3.51.623.4
File11=@DAO350.DLL,$(MSDAOPath),$(DLLSelfRegister),$(Shared),4/28/98 1:00:00 AM,570128,3.51.1608.0
File12=@mfc40loc.dll,$(WinSysPathSysFile),,,8/24/01 3:00:00 PM,45568,4.1.0.6140
File13=@MFC40.DLL,$(WinSysPathSysFile),$(DLLSelfRegister),,4/25/98 1:00:00 AM,921872,4.1.0.6038
File14=@GAUGE32.OCX,$(WinSysPath),$(DLLSelfRegister),$(Shared),1/12/96 1:00:00 AM,63488,1.0.24.0
File15=@CMCTLFR.DLL,$(WinSysPath),,$(Shared),5/6/05 10:22:59 AM,89600,6.0.80.22
File16=@comctl32.ocx,$(WinSysPath),$(DLLSelfRegister),$(Shared),5/22/00 5:58:00 PM,608448,6.0.81.5
File17=@MSCOMFR.DLL,$(WinSysPath),,$(Shared),7/13/98 1:00:00 AM,13824,6.0.81.63
File18=@MSCOMM32.OCX,$(WinSysPath),$(DLLSelfRegister),$(Shared),6/24/98 1:00:00 AM,103744,6.0.81.69
File19=@panneau.exe,$(AppPath),,,5/6/05 2:16:53 PM,139264,1.0.0.0

; Il est possible de supprimer les lignes suivantes afin de libérer 
; de l'espace pour personnaliser ce fichier sur une disquette d'installation 
; complète.
; 
; XXXXXXXXXXXXXXXXXXXXXXXXXXXXXXXXXXXXXXXXXXXXXXXXXXXXXXXXXXXX
; XXXXXXXXXXXXXXXXXXXXXXXXXXXXXXXXXXXXXXXXXXXXXXXXXXXXXXXXXXXX
; XXXXXXXXXXXXXXXXXXXXXXXXXXXXXXXXXXXXXXXXXXXXXXXXXXXXXXXXXXXX
; XXXXXXXXXXXXXXXXXXXXXXXXXXXXXXXXXXXXXXXXXXXXXXXXXXXXXXXXXXXX
; XXXXXXXXXXXXXXXXXXXXXXXXXXXXXXXXXXXXXXXXXXXXXXXXXXXXXXXXXXXX
; XXXXXXXXXXXXXXXXXXXXXXXXXXXXXXXXXXXXXXXXXXXXXXXXXXXXXXXXXXXX
; XXXXXXXXXXXXXXXXXXXXXXXXXXXXXXXXXXXXXXXXXXXXXXXXXXXXXXXXXXXX
; XXXXXXXXXXXXXXXXXXXXXXXXXXXXXXXXXXXXXXXXXXXXXXXXXXXXXXXXXXXX
; XXXXXXXXXXXXXXXXXXXXXXXXXXXXXXXXXXXXXXXXXXXXXXXXXXXXXXXXXXXX
; XXXXXXXXXXXXXXXXXXXXXXXXXXXXXXXXXXXXXXXXXXXXXXXXXXXXXXXXXXXX
; XXXXXXXXXXXXXXXXXXXXXXXXXXXXXXXXXXXXXXXXXXXXXXXXXXXXXXXXXXXX
; XXXXXXXXXXXXXXXXXXXXXXXXXXXXXXXXXXXXXXXXXXXXXXXXXXXXXXXXXXXX
; XXXXXXXXXXXXXXXXXXXXXXXXXXXXXXXXXXXXXXXXXXXXXXXXXXXXXXXXXXXX
; XXXXXXXXXXXXXXXXXXXXXXXXXXXXXXXXXXXXXXXXXXXXXXXXXXXXXXXXXXXX
; XXXXXXXXXXXXXXXXXXXXXXXXXXXXXXXXXXXXXXXXXXXXXXXXXXXXXXXXXXXX
; XXXXXXXXXXXXXXXXXXXXXXXXXXXXXXXXXXXXXXXXXXXXXXXXXXXXXXXXXXXX
; XXXXXXXXXXXXXXXXXXXXXXXXXXXXXXXXXXXXXXXXXXXXXXXXXXXXXXXXXXXX
; XXXXXXXXXXXXXXXXXXXXXXXXXXXXXXXXXXXXXXXXXXXXXXXXXXXXXXXXXXXX
; XXXXXXXXXXXXXXXXXXXXXXXXXXXXXXXXXXXXXXXXXXXXXXXXXXXXXXXXXXXX
; XXXXXXXXXXXXXXXXXXXXXXXXXXXXXXXXXXXXXXXXXXXXXXXXXXXXXXXXXXXX
; XXXXXXXXXXXXXXXXXXXXXXXXXXXXXXXXXXXXXXXXXXXXXXXXXXXXXXXXXXXX
; XXXXXXXXXXXXXXXXXXXXXXXXXXXXXXXXXXXXXXXXXXXXXXXXXXXXXXXXXXXX
; XXXXXXXXXXXXXXXXXXXXXXXXXXXXXXXXXXXXXXXXXXXXXXXXXXXXXXXXXXXX
; XXXXXXXXXXXXXXXXXXXXXXXXXXXXXXXXXXXXXXXXXXXXXXXXXXXXXXXXXXXX
; XXXXXXXXXXXXXXXXXXXXXXXXXXXXXXXXXXXXXXXXXXXXXXXXXXXXXXXXXXXX
; XXXXXXXXXXXXXXXXXXXXXXXXXXXXXXXXXXXXXXXXXXXXXXXXXXXXXXXXXXXX
; XXXXXXXXXXXXXXXXXXXXXXXXXXXXXXXXXXXXXXXXXXXXXXXXXXXXXXXXXXXX
; XXXXXXXXXXXXXXXXXXXXXXXXXXXXXXXXXXXXXXXXXXXXXXXXXXXXXXXXXXXX
; XXXXXXXXXXXXXXXXXXXXXXXXXXXXXXXXXXXXXXXXXXXXXXXXXXXXXXXXXXXX
; XXXXXXXXXXXXXXXXXXXXXXXXXXXXXXXXXXXXXXXXXXXXXXXXXXXXXXXXXXXX
; XXXXXXXXXXXXXXXXXXXXXXXXXXXXXXXXXXXXXXXXXXXXXXXXXXXXXXXXXXXX
; XXXXXXXXXXXXXXXXXXXXXXXXXXXXXXXXXXXXXXXXXXXXXXXXXXXXXXXXXXXX
; XXXXXXXXXXXXXXXXXXXXXXXXXXXXXXXXXXXXXXXXXXXXXXXXXXXXXXXXXXXX
; XXXXXXXXXXXXXXXXXXXXXXXXXXXXXXXXXXXXXXXXXXXXXXXXXXXXXXXXXXXX
; XXXXXXXXXXXXXXXXXXXXXXXXXXXXXXXXXXXXXXXXXXXXXXXXXXXXXXXXXXXX
