
ROM used: 472 (6%)
          472 (6%) including unused fragments

          1 Average locations per line
          10 Average locations per statement

RAM used: 25 (7%) at main() level
          36 (10%) worst case

Lines Stmts  %   Files
----- ----- ---  -----
  104    48 100  C:\Dossier MAT Electronique\Programmes PIC applications MAT\Panneau solaire\source modules pic (version 2)\carte luminosite\main.c
  267     0   0  C:\Program Files\PICC\devices\16F876a.h
----- -----
  742    96 Total

Page ROM  %  RAM  Functions:
---- --- --- ---  ----------
0     24   5   1  @delay_ms1
0     29   6   0  isr_timer2
0     81  17   0  main
0     50  11   3  gest_ser
0     93  20   9  @PRINTF_LU_9600_62_63
0    102  22   1  mesure
0     40   8   1  init

 Segment   Used  Free
---------  ----  ----
00000-00003     4  0
00004-00034    49  0
00035-007FF   419  1576
00800-00FFF     0  2048
01000-017FF     0  2048
01800-01FFF     0  2048

