
ROM used: 292 (29%)
          292 (29%) including unused fragments

          1 Average locations per line
          4 Average locations per statement

RAM used: 6 (9%) at main() level
          7 (10%) worst case

Lines Stmts  %   Files
----- ----- ---  -----
   30     5   6  C:\Dossier MAT Electronique\Programmes PIC applications MAT\Panneau solaire\source modules pic (version 2)\pic clavier\main.c
  111     0   0  C:\Program Files\PICC\devices\16F84A.h
   87    78  89  C:\Dossier MAT Electronique\Programmes PIC applications MAT\Panneau solaire\source modules pic (version 2)\pic clavier\clavier.c
----- -----
  456   166 Total

Page ROM  %  RAM  Functions:
---- --- --- ---  ----------
0     13   4   1  @delay_ms1
0    249  85   0  gest_clavier
0     21   7   0  main
0      5   2   0  init

 Segment   Used  Free
---------  ----  ----
00000-00003     4  0
00004-003FF   288  732

