
ROM used: 1464 (18%)
          1464 (18%) including unused fragments

          1 Average locations per line
          4 Average locations per statement

RAM used: 32 (9%) at main() level
          73 (20%) worst case

Lines Stmts  %   Files
----- ----- ---  -----
  160    94  28  C:\Dossier MAT Electronique\Programmes PIC applications MAT\Panneau solaire\source modules pic (version 2)\carte eclairage\main.c
  267     0   0  C:\Program Files\PICC\devices\16F876a.h
  707   244  56  C:\Dossier MAT Electronique\Programmes PIC applications MAT\Panneau solaire\source modules pic (version 2)\carte eclairage\can.c
  402     0   0  C:\Dossier MAT Electronique\Programmes PIC applications MAT\Panneau solaire\source modules pic (version 2)\carte eclairage\can.h
----- -----
 3072   676 Total

Page ROM  %  RAM  Functions:
---- --- --- ---  ----------
0     13   1   1  @delay_ms1
0     33   2   3  can_set_mode
0    190  13  17  can_set_id
0     77   5   5  mcp2510_read
0     48   3   6  mcp2510_write
0     82   6   0  main
0    520  36   0  gest_can
0    135   9   1  gest_mat
0     39   3   2  @MUL88
0    213  15   0  init
0    110   8   2  presentation

 Segment   Used  Free
---------  ----  ----
00000-00003     4  0
00004-007FF  1460  584
00800-00FFF     0  2048
01000-017FF     0  2048
01800-01FFF     0  2048

